2024-07-18 12:11:34,217 - __main__ - INFO - Application started
2024-07-18 12:11:34,218 - __main__ - INFO - Performing some tasks...
2024-07-18 12:11:34,218 - __main__ - INFO - Application finished
2024-07-18 12:11:35,036 - tensorflow - WARNING - From C:\Users\Admin\Documents\MLAI\venv\CSCN8010_clascis_ml\Lib\site-packages\keras\src\backend\common\global_state.py:82: The name tf.reset_default_graph is deprecated. Please use tf.compat.v1.reset_default_graph instead.

2024-07-18 12:11:42,315 - __main__ - INFO - Application started
2024-07-18 12:11:42,315 - __main__ - INFO - Performing some tasks...
2024-07-18 12:11:42,316 - __main__ - INFO - Application finished
2024-07-18 12:11:45,099 - cmdstanpy - DEBUG - cmd: where.exe tbb.dll
cwd: None
2024-07-18 12:11:45,256 - cmdstanpy - DEBUG - Adding TBB (C:\Users\Admin\Documents\MLAI\venv\CSCN8010_clascis_ml\Lib\site-packages\prophet\stan_model\cmdstan-2.33.1\stan\lib\stan_math\lib\tbb) to PATH
2024-07-18 12:11:45,262 - prophet - INFO - Disabling yearly seasonality. Run prophet with yearly_seasonality=True to override this.
2024-07-18 12:11:45,263 - prophet - INFO - Disabling daily seasonality. Run prophet with daily_seasonality=True to override this.
2024-07-18 12:11:45,275 - cmdstanpy - DEBUG - input tempfile: C:\Users\Admin\AppData\Local\Temp\tmpl7yr7b7p\gs3dyi3s.json
2024-07-18 12:11:45,281 - cmdstanpy - DEBUG - input tempfile: C:\Users\Admin\AppData\Local\Temp\tmpl7yr7b7p\kwa5twie.json
2024-07-18 12:11:45,284 - cmdstanpy - DEBUG - idx 0
2024-07-18 12:11:45,284 - cmdstanpy - DEBUG - running CmdStan, num_threads: None
2024-07-18 12:11:45,284 - cmdstanpy - DEBUG - CmdStan args: ['C:\\Users\\Admin\\Documents\\MLAI\\venv\\CSCN8010_clascis_ml\\Lib\\site-packages\\prophet\\stan_model\\prophet_model.bin', 'random', 'seed=48981', 'data', 'file=C:\\Users\\Admin\\AppData\\Local\\Temp\\tmpl7yr7b7p\\gs3dyi3s.json', 'init=C:\\Users\\Admin\\AppData\\Local\\Temp\\tmpl7yr7b7p\\kwa5twie.json', 'output', 'file=C:\\Users\\Admin\\AppData\\Local\\Temp\\tmpl7yr7b7p\\prophet_modelblin72qn\\prophet_model-20240718121145.csv', 'method=optimize', 'algorithm=lbfgs', 'iter=10000']
2024-07-18 12:11:45,285 - cmdstanpy - INFO - Chain [1] start processing
2024-07-18 12:11:45,455 - cmdstanpy - INFO - Chain [1] done processing
2024-07-18 12:11:48,220 - __main__ - INFO - Application started
2024-07-18 12:11:48,221 - __main__ - INFO - Performing some tasks...
2024-07-18 12:11:48,221 - __main__ - INFO - Application finished
2024-07-18 12:11:49,651 - __main__ - INFO - Application started
2024-07-18 12:11:49,652 - __main__ - INFO - Performing some tasks...
2024-07-18 12:11:49,653 - __main__ - INFO - Application finished
2024-07-18 12:11:49,885 - cmdstanpy - DEBUG - cmd: where.exe tbb.dll
cwd: None
2024-07-18 12:11:50,026 - cmdstanpy - DEBUG - TBB already found in load path
2024-07-18 12:11:53,120 - __main__ - INFO - Application started
2024-07-18 12:11:53,120 - __main__ - INFO - Performing some tasks...
2024-07-18 12:11:53,122 - __main__ - INFO - Application finished
2024-07-18 12:11:54,040 - __main__ - INFO - Application started
2024-07-18 12:11:54,041 - __main__ - INFO - Performing some tasks...
2024-07-18 12:11:54,041 - __main__ - INFO - Application finished
2024-07-18 12:11:55,135 - __main__ - INFO - Application started
2024-07-18 12:11:55,135 - __main__ - INFO - Performing some tasks...
2024-07-18 12:11:55,136 - __main__ - INFO - Application finished
2024-07-18 12:11:56,131 - __main__ - INFO - Application started
2024-07-18 12:11:56,132 - __main__ - INFO - Performing some tasks...
2024-07-18 12:11:56,132 - __main__ - INFO - Application finished
2024-07-18 12:11:56,180 - cmdstanpy - DEBUG - cmd: where.exe tbb.dll
cwd: None
2024-07-18 12:11:56,314 - cmdstanpy - DEBUG - TBB already found in load path
2024-07-18 12:11:56,318 - prophet - INFO - Disabling yearly seasonality. Run prophet with yearly_seasonality=True to override this.
2024-07-18 12:11:56,319 - prophet - INFO - Disabling daily seasonality. Run prophet with daily_seasonality=True to override this.
2024-07-18 12:11:56,332 - cmdstanpy - DEBUG - input tempfile: C:\Users\Admin\AppData\Local\Temp\tmpl7yr7b7p\58tj051u.json
2024-07-18 12:11:56,340 - cmdstanpy - DEBUG - input tempfile: C:\Users\Admin\AppData\Local\Temp\tmpl7yr7b7p\c9hq1c1p.json
2024-07-18 12:11:56,342 - cmdstanpy - DEBUG - idx 0
2024-07-18 12:11:56,342 - cmdstanpy - DEBUG - running CmdStan, num_threads: None
2024-07-18 12:11:56,343 - cmdstanpy - DEBUG - CmdStan args: ['C:\\Users\\Admin\\Documents\\MLAI\\venv\\CSCN8010_clascis_ml\\Lib\\site-packages\\prophet\\stan_model\\prophet_model.bin', 'random', 'seed=5835', 'data', 'file=C:\\Users\\Admin\\AppData\\Local\\Temp\\tmpl7yr7b7p\\58tj051u.json', 'init=C:\\Users\\Admin\\AppData\\Local\\Temp\\tmpl7yr7b7p\\c9hq1c1p.json', 'output', 'file=C:\\Users\\Admin\\AppData\\Local\\Temp\\tmpl7yr7b7p\\prophet_modeldq9l5bie\\prophet_model-20240718121156.csv', 'method=optimize', 'algorithm=lbfgs', 'iter=10000']
2024-07-18 12:11:56,343 - cmdstanpy - INFO - Chain [1] start processing
2024-07-18 12:11:56,418 - cmdstanpy - INFO - Chain [1] done processing
2024-07-18 12:11:58,205 - __main__ - INFO - Application started
2024-07-18 12:11:58,205 - __main__ - INFO - Performing some tasks...
2024-07-18 12:11:58,206 - __main__ - INFO - Application finished
2024-07-18 12:28:55,174 - __main__ - INFO - Application started
2024-07-18 12:28:55,175 - __main__ - INFO - Application started
2024-07-18 12:28:55,175 - __main__ - INFO - Performing some tasks...
2024-07-18 12:28:55,175 - __main__ - INFO - Application started
2024-07-18 12:28:55,175 - __main__ - INFO - Application started
2024-07-18 12:28:55,176 - __main__ - INFO - Application started
2024-07-18 12:28:55,176 - __main__ - INFO - Performing some tasks...
2024-07-18 12:28:55,176 - __main__ - INFO - Application finished
2024-07-18 12:28:55,178 - __main__ - INFO - Performing some tasks...
2024-07-18 12:28:55,178 - __main__ - INFO - Performing some tasks...
2024-07-18 12:28:55,178 - __main__ - INFO - Performing some tasks...
2024-07-18 12:28:55,178 - __main__ - INFO - Application finished
2024-07-18 12:28:55,179 - __main__ - INFO - Application finished
2024-07-18 12:28:55,179 - __main__ - INFO - Application finished
2024-07-18 12:28:55,180 - __main__ - INFO - Application finished
2024-07-18 12:28:57,138 - tensorflow - WARNING - From C:\Users\Admin\Documents\MLAI\venv\CSCN8010_clascis_ml\Lib\site-packages\keras\src\backend\common\global_state.py:82: The name tf.reset_default_graph is deprecated. Please use tf.compat.v1.reset_default_graph instead.

2024-07-18 12:28:59,839 - __main__ - INFO - Application started
2024-07-18 12:28:59,840 - __main__ - INFO - Performing some tasks...
2024-07-18 12:28:59,841 - __main__ - INFO - Application finished
2024-07-18 12:29:00,669 - __main__ - INFO - Application started
2024-07-18 12:29:00,669 - __main__ - INFO - Performing some tasks...
2024-07-18 12:29:00,670 - __main__ - INFO - Application finished
2024-07-18 13:29:54,085 - __main__ - INFO - Application started
2024-07-18 13:29:54,086 - __main__ - INFO - Performing some tasks...
2024-07-18 13:29:54,086 - __main__ - INFO - Application finished
2024-07-18 13:29:54,878 - tensorflow - WARNING - From C:\Users\Admin\Documents\MLAI\venv\CSCN8010_clascis_ml\Lib\site-packages\keras\src\backend\common\global_state.py:82: The name tf.reset_default_graph is deprecated. Please use tf.compat.v1.reset_default_graph instead.

2024-07-18 13:30:23,136 - __main__ - INFO - Application started
2024-07-18 13:30:23,137 - __main__ - INFO - Performing some tasks...
2024-07-18 13:30:23,137 - __main__ - INFO - Application finished
2024-07-18 13:30:24,083 - cmdstanpy - DEBUG - cmd: where.exe tbb.dll
cwd: None
2024-07-18 13:30:24,168 - cmdstanpy - DEBUG - Adding TBB (C:\Users\Admin\Documents\MLAI\venv\CSCN8010_clascis_ml\Lib\site-packages\prophet\stan_model\cmdstan-2.33.1\stan\lib\stan_math\lib\tbb) to PATH
2024-07-18 13:30:24,176 - prophet - INFO - Disabling yearly seasonality. Run prophet with yearly_seasonality=True to override this.
2024-07-18 13:30:24,177 - prophet - INFO - Disabling daily seasonality. Run prophet with daily_seasonality=True to override this.
2024-07-18 13:30:24,191 - cmdstanpy - DEBUG - input tempfile: C:\Users\Admin\AppData\Local\Temp\tmpj5alvg43\04lsio0s.json
2024-07-18 13:30:24,199 - cmdstanpy - DEBUG - input tempfile: C:\Users\Admin\AppData\Local\Temp\tmpj5alvg43\_t0rgsxv.json
2024-07-18 13:30:24,201 - cmdstanpy - DEBUG - idx 0
2024-07-18 13:30:24,202 - cmdstanpy - DEBUG - running CmdStan, num_threads: None
2024-07-18 13:30:24,202 - cmdstanpy - DEBUG - CmdStan args: ['C:\\Users\\Admin\\Documents\\MLAI\\venv\\CSCN8010_clascis_ml\\Lib\\site-packages\\prophet\\stan_model\\prophet_model.bin', 'random', 'seed=85618', 'data', 'file=C:\\Users\\Admin\\AppData\\Local\\Temp\\tmpj5alvg43\\04lsio0s.json', 'init=C:\\Users\\Admin\\AppData\\Local\\Temp\\tmpj5alvg43\\_t0rgsxv.json', 'output', 'file=C:\\Users\\Admin\\AppData\\Local\\Temp\\tmpj5alvg43\\prophet_modelg4qdpsxs\\prophet_model-20240718133024.csv', 'method=optimize', 'algorithm=lbfgs', 'iter=10000']
2024-07-18 13:30:24,203 - cmdstanpy - INFO - Chain [1] start processing
2024-07-18 13:30:24,331 - cmdstanpy - INFO - Chain [1] done processing
